Using pre-set license
Built from '2020.3/release' branch; Version is '2020.3.2f1 (8fd9074bf66c) revision 9427207'; Using compiler version '192528614'; Build Type 'Release'
OS: 'Windows 10 Pro; OS build 19042.867; Version 2009; 64bit' Language: 'es' Physical Memory: 8140 MB
BatchMode: 1, IsHumanControllingUs: 0, StartBugReporterOnCrash: 0, Is64bit: 1, IsPro: 0

 COMMAND LINE ARGUMENTS:
C:\Program Files\Unity\2020.3.2f1\Editor\Unity.exe
-adb2
-batchMode
-noUpm
-name
AssetImportWorker0
-projectPath
C:/Users/Alejandro/Projects/TFG_Prototype
-logFile
Logs/AssetImportWorker0.log
-srvPort
53313
Successfully changed project path to: C:/Users/Alejandro/Projects/TFG_Prototype
C:/Users/Alejandro/Projects/TFG_Prototype
Using Asset Import Pipeline V2.
Refreshing native plugins compatible for Editor in 41.81 ms, found 0 plugins.
Preloading 0 native plugins for Editor in 0.00 ms.
Initialize engine version: 2020.3.2f1 (8fd9074bf66c)
[Subsystems] Discovering subsystems at path C:/Program Files/Unity/2020.3.2f1/Editor/Data/Resources/UnitySubsystems
[Subsystems] Discovering subsystems at path C:/Users/Alejandro/Projects/TFG_Prototype/Assets
GfxDevice: creating device client; threaded=0
Direct3D:
    Version:  Direct3D 11.0 [level 11.1]
    Renderer: NVIDIA GeForce GTX 970 (ID=0x13c2)
    Vendor:   
    VRAM:     4043 MB
    Driver:   27.21.14.6172
Initialize mono
Mono path[0] = 'C:/Program Files/Unity/2020.3.2f1/Editor/Data/Managed'
Mono path[1] = 'C:/Program Files/Unity/2020.3.2f1/Editor/Data/MonoBleedingEdge/lib/mono/unityjit'
Mono config path = 'C:/Program Files/Unity/2020.3.2f1/Editor/Data/MonoBleedingEdge/etc'
Using monoOptions --debugger-agent=transport=dt_socket,embedding=1,server=y,suspend=n,address=127.0.0.1:56428
Begin MonoManager ReloadAssembly
Registering precompiled unity dll's ...
Register platform support module: C:/Program Files/Unity/2020.3.2f1/Editor/Data/PlaybackEngines/WindowsStandaloneSupport/UnityEditor.WindowsStandalone.Extensions.dll
Registered in 0.004471 seconds.
Native extension for WindowsStandalone target not found
Refreshing native plugins compatible for Editor in 66.14 ms, found 0 plugins.
Preloading 0 native plugins for Editor in 0.00 ms.
Invoked RoslynAnalysisRunner static constructor.
RoslynAnalysisRunner will not be running.
RoslynAnalysisRunner has terminated.
Mono: successfully reloaded assembly
- Completed reload, in  6.379 seconds
Platform modules already initialized, skipping
Registering precompiled user dll's ...
Registered in 0.001365 seconds.
Begin MonoManager ReloadAssembly
Native extension for WindowsStandalone target not found
Refreshing native plugins compatible for Editor in 0.37 ms, found 0 plugins.
Preloading 0 native plugins for Editor in 0.00 ms.
Invoked RoslynAnalysisRunner static constructor.
RoslynAnalysisRunner will not be running.
RoslynAnalysisRunner has terminated.
Mono: successfully reloaded assembly
- Completed reload, in  2.587 seconds
Platform modules already initialized, skipping
========================================================================
Worker process is ready to serve import requests
Launched and connected shader compiler UnityShaderCompiler.exe after 0.08 seconds
Refreshing native plugins compatible for Editor in 0.43 ms, found 0 plugins.
Preloading 0 native plugins for Editor in 0.00 ms.
Unloading 1347 Unused Serialized files (Serialized files now loaded: 0)
System memory in use before: 65.1 MB.
System memory in use after: 65.1 MB.

Unloading 11 unused Assets to reduce memory usage. Loaded Objects now: 1792.
Total: 2.698700 ms (FindLiveObjects: 0.206300 ms CreateObjectMapping: 0.079700 ms MarkObjects: 2.285300 ms  DeleteObjects: 0.125600 ms)

========================================================================
Received Import Request.
  path: Assets/AlejandroParís/Scripts/ShootEnemy.cs
  artifactKey: Guid(63d1c1afab638554c83e98f5a674c192) Importer(815301076,1909f56bfc062723c751e8b465ee728b)
Start importing Assets/AlejandroParís/Scripts/ShootEnemy.cs using Guid(63d1c1afab638554c83e98f5a674c192) Importer(815301076,1909f56bfc062723c751e8b465ee728b)  -> (artifact id: 'cce65621cc44ced45d6b58d91c02bf03') in 0.082789 seconds
  Import took 0.088913 seconds .

========================================================================
Received Import Request.
  Time since last request: 271.417929 seconds.
  path: Assets/AlejandroParís/Scripts/ShootEnemy.cs
  artifactKey: Guid(63d1c1afab638554c83e98f5a674c192) Importer(815301076,1909f56bfc062723c751e8b465ee728b)
Start importing Assets/AlejandroParís/Scripts/ShootEnemy.cs using Guid(63d1c1afab638554c83e98f5a674c192) Importer(815301076,1909f56bfc062723c751e8b465ee728b)  -> (artifact id: 'b3cb469c2d88c0710ae91f88c3f0b1d6') in 0.007106 seconds
  Import took 0.013503 seconds .

========================================================================
Received Prepare
Registering precompiled user dll's ...
Registered in 0.002130 seconds.
Begin MonoManager ReloadAssembly
Native extension for WindowsStandalone target not found
Refreshing native plugins compatible for Editor in 0.37 ms, found 0 plugins.
Preloading 0 native plugins for Editor in 0.00 ms.
Invoked RoslynAnalysisRunner static constructor.
RoslynAnalysisRunner will not be running.
RoslynAnalysisRunner has terminated.
Mono: successfully reloaded assembly
- Completed reload, in  1.517 seconds
Platform modules already initialized, skipping
Refreshing native plugins compatible for Editor in 0.35 ms, found 0 plugins.
Preloading 0 native plugins for Editor in 0.00 ms.
Unloading 1340 Unused Serialized files (Serialized files now loaded: 0)
System memory in use before: 64.9 MB.
System memory in use after: 65.0 MB.

Unloading 6 unused Assets to reduce memory usage. Loaded Objects now: 1795.
Total: 2.650100 ms (FindLiveObjects: 0.285000 ms CreateObjectMapping: 0.069600 ms MarkObjects: 2.210900 ms  DeleteObjects: 0.082700 ms)

========================================================================
Received Import Request.
  Time since last request: 39.724910 seconds.
  path: Assets/AlejandroParís/Scripts/ShootEnemy.cs
  artifactKey: Guid(63d1c1afab638554c83e98f5a674c192) Importer(815301076,1909f56bfc062723c751e8b465ee728b)
Start importing Assets/AlejandroParís/Scripts/ShootEnemy.cs using Guid(63d1c1afab638554c83e98f5a674c192) Importer(815301076,1909f56bfc062723c751e8b465ee728b)  -> (artifact id: 'd14b24d840960437155f5ec30beffa4c') in 0.007425 seconds
  Import took 0.013300 seconds .

========================================================================
Received Import Request.
  Time since last request: 74.936870 seconds.
  path: Assets/AlejandroParís/Prefabs/EnemyFollower.prefab
  artifactKey: Guid(295927188bf1af24daa106264acec201) Importer(815301076,1909f56bfc062723c751e8b465ee728b)
Start importing Assets/AlejandroParís/Prefabs/EnemyFollower.prefab using Guid(295927188bf1af24daa106264acec201) Importer(815301076,1909f56bfc062723c751e8b465ee728b)  -> (artifact id: '1f78eec072f830416ea1d327562919f9') in 0.153560 seconds
  Import took 0.159682 seconds .

========================================================================
Received Import Request.
  Time since last request: 0.000442 seconds.
  path: Assets/AlejandroParís/Prefabs/Player.prefab
  artifactKey: Guid(b2a3223ce147b8b459e6978fb3286cd9) Importer(815301076,1909f56bfc062723c751e8b465ee728b)
Start importing Assets/AlejandroParís/Prefabs/Player.prefab using Guid(b2a3223ce147b8b459e6978fb3286cd9) Importer(815301076,1909f56bfc062723c751e8b465ee728b)  -> (artifact id: '1e35f582c316a12cdf60af1ef990a4d1') in 0.728290 seconds
  Import took 0.742549 seconds .

========================================================================
Received Prepare
Registering precompiled user dll's ...
Registered in 0.002048 seconds.
Begin MonoManager ReloadAssembly
Native extension for WindowsStandalone target not found
Refreshing native plugins compatible for Editor in 0.34 ms, found 0 plugins.
Preloading 0 native plugins for Editor in 0.00 ms.
Invoked RoslynAnalysisRunner static constructor.
RoslynAnalysisRunner will not be running.
RoslynAnalysisRunner has terminated.
Mono: successfully reloaded assembly
- Completed reload, in  1.373 seconds
Platform modules already initialized, skipping
Refreshing native plugins compatible for Editor in 0.46 ms, found 0 plugins.
Preloading 0 native plugins for Editor in 0.00 ms.
Unloading 1340 Unused Serialized files (Serialized files now loaded: 0)
System memory in use before: 81.7 MB.
System memory in use after: 81.7 MB.

Unloading 6 unused Assets to reduce memory usage. Loaded Objects now: 1807.
Total: 2.241100 ms (FindLiveObjects: 0.170500 ms CreateObjectMapping: 0.061800 ms MarkObjects: 1.943100 ms  DeleteObjects: 0.064200 ms)

========================================================================
Received Import Request.
  Time since last request: 16.937613 seconds.
  path: Assets/AlejandroParís/Prefabs/Bullet.prefab
  artifactKey: Guid(179cf317619d5424283d81afea7444fd) Importer(815301076,1909f56bfc062723c751e8b465ee728b)
Start importing Assets/AlejandroParís/Prefabs/Bullet.prefab using Guid(179cf317619d5424283d81afea7444fd) Importer(815301076,1909f56bfc062723c751e8b465ee728b)  -> (artifact id: '42c2d7182a8c218c988fb8029faca295') in 0.075054 seconds
  Import took 0.080392 seconds .

========================================================================
Received Prepare
Registering precompiled user dll's ...
Registered in 0.001562 seconds.
Begin MonoManager ReloadAssembly
Native extension for WindowsStandalone target not found
Refreshing native plugins compatible for Editor in 0.31 ms, found 0 plugins.
Preloading 0 native plugins for Editor in 0.00 ms.
Invoked RoslynAnalysisRunner static constructor.
RoslynAnalysisRunner will not be running.
RoslynAnalysisRunner has terminated.
Mono: successfully reloaded assembly
- Completed reload, in  1.311 seconds
Platform modules already initialized, skipping
Refreshing native plugins compatible for Editor in 0.35 ms, found 0 plugins.
Preloading 0 native plugins for Editor in 0.00 ms.
Unloading 1340 Unused Serialized files (Serialized files now loaded: 0)
System memory in use before: 81.7 MB.
System memory in use after: 81.8 MB.

Unloading 7 unused Assets to reduce memory usage. Loaded Objects now: 1812.
Total: 2.761500 ms (FindLiveObjects: 0.225400 ms CreateObjectMapping: 0.112900 ms MarkObjects: 2.345600 ms  DeleteObjects: 0.075800 ms)

========================================================================
Received Import Request.
  Time since last request: 70.962878 seconds.
  path: Assets/AlejandroParís/Prefabs/Bullet.prefab
  artifactKey: Guid(179cf317619d5424283d81afea7444fd) Importer(815301076,1909f56bfc062723c751e8b465ee728b)
Start importing Assets/AlejandroParís/Prefabs/Bullet.prefab using Guid(179cf317619d5424283d81afea7444fd) Importer(815301076,1909f56bfc062723c751e8b465ee728b)  -> (artifact id: 'e08924a7b9f1d98e8f835afad43d9f97') in 0.080092 seconds
  Import took 0.084666 seconds .

========================================================================
Received Import Request.
  Time since last request: 2.757958 seconds.
  path: Assets/AlejandroParís/Prefabs/Bullet.prefab
  artifactKey: Guid(179cf317619d5424283d81afea7444fd) Importer(815301076,1909f56bfc062723c751e8b465ee728b)
Start importing Assets/AlejandroParís/Prefabs/Bullet.prefab using Guid(179cf317619d5424283d81afea7444fd) Importer(815301076,1909f56bfc062723c751e8b465ee728b)  -> (artifact id: '73ddee7dabb0034391a522d29b37a265') in 0.013924 seconds
  Import took 0.019591 seconds .

========================================================================
Received Prepare
Registering precompiled user dll's ...
Registered in 0.002228 seconds.
Begin MonoManager ReloadAssembly
Native extension for WindowsStandalone target not found
Refreshing native plugins compatible for Editor in 0.54 ms, found 0 plugins.
Preloading 0 native plugins for Editor in 0.00 ms.
Invoked RoslynAnalysisRunner static constructor.
RoslynAnalysisRunner will not be running.
RoslynAnalysisRunner has terminated.
Mono: successfully reloaded assembly
- Completed reload, in  1.597 seconds
Platform modules already initialized, skipping
Refreshing native plugins compatible for Editor in 0.30 ms, found 0 plugins.
Preloading 0 native plugins for Editor in 0.00 ms.
Unloading 1340 Unused Serialized files (Serialized files now loaded: 0)
System memory in use before: 81.8 MB.
System memory in use after: 81.8 MB.

Unloading 7 unused Assets to reduce memory usage. Loaded Objects now: 1816.
Total: 1.928900 ms (FindLiveObjects: 0.203400 ms CreateObjectMapping: 0.050700 ms MarkObjects: 1.608800 ms  DeleteObjects: 0.065000 ms)

========================================================================
Received Import Request.
  Time since last request: 179.639718 seconds.
  path: Assets/AlejandroParís/Materials/New Material 1.mat
  artifactKey: Guid(357edffaf1f50e84982f5c26f9dc696b) Importer(815301076,1909f56bfc062723c751e8b465ee728b)
Start importing Assets/AlejandroParís/Materials/New Material 1.mat using Guid(357edffaf1f50e84982f5c26f9dc696b) Importer(815301076,1909f56bfc062723c751e8b465ee728b)  -> (artifact id: '635f84ce91d8c5a1315cf00e230656e7') in 0.071525 seconds
  Import took 0.077143 seconds .

========================================================================
Received Import Request.
  Time since last request: 22.261310 seconds.
  path: Assets/AlejandroParís/Prefabs/Bullet.prefab
  artifactKey: Guid(179cf317619d5424283d81afea7444fd) Importer(815301076,1909f56bfc062723c751e8b465ee728b)
Start importing Assets/AlejandroParís/Prefabs/Bullet.prefab using Guid(179cf317619d5424283d81afea7444fd) Importer(815301076,1909f56bfc062723c751e8b465ee728b)  -> (artifact id: '49dcb04b0cbeb2b729671e385444a117') in 0.022837 seconds
  Import took 0.028593 seconds .

========================================================================
Received Prepare
Registering precompiled user dll's ...
Registered in 0.001597 seconds.
Begin MonoManager ReloadAssembly
Native extension for WindowsStandalone target not found
Refreshing native plugins compatible for Editor in 0.33 ms, found 0 plugins.
Preloading 0 native plugins for Editor in 0.00 ms.
Invoked RoslynAnalysisRunner static constructor.
RoslynAnalysisRunner will not be running.
RoslynAnalysisRunner has terminated.
Mono: successfully reloaded assembly
- Completed reload, in  1.436 seconds
Platform modules already initialized, skipping
Refreshing native plugins compatible for Editor in 0.50 ms, found 0 plugins.
Preloading 0 native plugins for Editor in 0.00 ms.
Unloading 1340 Unused Serialized files (Serialized files now loaded: 0)
System memory in use before: 82.0 MB.
System memory in use after: 82.1 MB.

Unloading 6 unused Assets to reduce memory usage. Loaded Objects now: 1853.
Total: 2.110700 ms (FindLiveObjects: 0.176500 ms CreateObjectMapping: 0.059500 ms MarkObjects: 1.802000 ms  DeleteObjects: 0.071100 ms)

========================================================================
Received Prepare
Registering precompiled user dll's ...
Registered in 0.001502 seconds.
Begin MonoManager ReloadAssembly
Native extension for WindowsStandalone target not found
Refreshing native plugins compatible for Editor in 0.33 ms, found 0 plugins.
Preloading 0 native plugins for Editor in 0.00 ms.
Invoked RoslynAnalysisRunner static constructor.
RoslynAnalysisRunner will not be running.
RoslynAnalysisRunner has terminated.
Mono: successfully reloaded assembly
- Completed reload, in  1.685 seconds
Platform modules already initialized, skipping
Refreshing native plugins compatible for Editor in 0.36 ms, found 0 plugins.
Preloading 0 native plugins for Editor in 0.00 ms.
Unloading 1340 Unused Serialized files (Serialized files now loaded: 0)
System memory in use before: 82.0 MB.
System memory in use after: 82.1 MB.

Unloading 6 unused Assets to reduce memory usage. Loaded Objects now: 1856.
Total: 2.154200 ms (FindLiveObjects: 0.190800 ms CreateObjectMapping: 0.063300 ms MarkObjects: 1.829900 ms  DeleteObjects: 0.068500 ms)

========================================================================
Received Prepare
Registering precompiled user dll's ...
Registered in 0.001478 seconds.
Begin MonoManager ReloadAssembly
Native extension for WindowsStandalone target not found
Refreshing native plugins compatible for Editor in 0.36 ms, found 0 plugins.
Preloading 0 native plugins for Editor in 0.00 ms.
Invoked RoslynAnalysisRunner static constructor.
RoslynAnalysisRunner will not be running.
RoslynAnalysisRunner has terminated.
Mono: successfully reloaded assembly
- Completed reload, in  1.263 seconds
Platform modules already initialized, skipping
Refreshing native plugins compatible for Editor in 0.34 ms, found 0 plugins.
Preloading 0 native plugins for Editor in 0.00 ms.
Unloading 1340 Unused Serialized files (Serialized files now loaded: 0)
System memory in use before: 82.0 MB.
System memory in use after: 82.1 MB.

Unloading 6 unused Assets to reduce memory usage. Loaded Objects now: 1859.
Total: 2.143700 ms (FindLiveObjects: 0.246900 ms CreateObjectMapping: 0.107000 ms MarkObjects: 1.721300 ms  DeleteObjects: 0.066700 ms)

========================================================================
Received Prepare
Registering precompiled user dll's ...
Registered in 0.002754 seconds.
Begin MonoManager ReloadAssembly
Native extension for WindowsStandalone target not found
Refreshing native plugins compatible for Editor in 0.38 ms, found 0 plugins.
Preloading 0 native plugins for Editor in 0.00 ms.
Invoked RoslynAnalysisRunner static constructor.
RoslynAnalysisRunner will not be running.
RoslynAnalysisRunner has terminated.
Mono: successfully reloaded assembly
- Completed reload, in  1.619 seconds
Platform modules already initialized, skipping
Refreshing native plugins compatible for Editor in 0.37 ms, found 0 plugins.
Preloading 0 native plugins for Editor in 0.00 ms.
Unloading 1340 Unused Serialized files (Serialized files now loaded: 0)
System memory in use before: 82.0 MB.
System memory in use after: 82.1 MB.

Unloading 6 unused Assets to reduce memory usage. Loaded Objects now: 1862.
Total: 3.590900 ms (FindLiveObjects: 0.359300 ms CreateObjectMapping: 0.109200 ms MarkObjects: 3.014100 ms  DeleteObjects: 0.105500 ms)

========================================================================
Received Prepare
Registering precompiled user dll's ...
Registered in 0.001342 seconds.
Begin MonoManager ReloadAssembly
Native extension for WindowsStandalone target not found
Refreshing native plugins compatible for Editor in 0.33 ms, found 0 plugins.
Preloading 0 native plugins for Editor in 0.00 ms.
Invoked RoslynAnalysisRunner static constructor.
RoslynAnalysisRunner will not be running.
RoslynAnalysisRunner has terminated.
Mono: successfully reloaded assembly
- Completed reload, in  1.014 seconds
Platform modules already initialized, skipping
Refreshing native plugins compatible for Editor in 0.30 ms, found 0 plugins.
Preloading 0 native plugins for Editor in 0.00 ms.
Unloading 1340 Unused Serialized files (Serialized files now loaded: 0)
System memory in use before: 82.0 MB.
System memory in use after: 82.1 MB.

Unloading 6 unused Assets to reduce memory usage. Loaded Objects now: 1865.
Total: 3.321200 ms (FindLiveObjects: 0.320000 ms CreateObjectMapping: 0.090400 ms MarkObjects: 2.815500 ms  DeleteObjects: 0.093200 ms)

========================================================================
Received Prepare
Registering precompiled user dll's ...
Registered in 0.002318 seconds.
Begin MonoManager ReloadAssembly
Native extension for WindowsStandalone target not found
Refreshing native plugins compatible for Editor in 0.38 ms, found 0 plugins.
Preloading 0 native plugins for Editor in 0.00 ms.
Invoked RoslynAnalysisRunner static constructor.
RoslynAnalysisRunner will not be running.
RoslynAnalysisRunner has terminated.
Mono: successfully reloaded assembly
- Completed reload, in  1.605 seconds
Platform modules already initialized, skipping
Refreshing native plugins compatible for Editor in 0.89 ms, found 0 plugins.
Preloading 0 native plugins for Editor in 0.00 ms.
Unloading 1340 Unused Serialized files (Serialized files now loaded: 0)
System memory in use before: 82.0 MB.
System memory in use after: 82.1 MB.

Unloading 6 unused Assets to reduce memory usage. Loaded Objects now: 1868.
Total: 6.321500 ms (FindLiveObjects: 1.647200 ms CreateObjectMapping: 0.250600 ms MarkObjects: 4.289900 ms  DeleteObjects: 0.130300 ms)

========================================================================
Received Prepare
Registering precompiled user dll's ...
Registered in 0.002382 seconds.
Begin MonoManager ReloadAssembly
Native extension for WindowsStandalone target not found
Refreshing native plugins compatible for Editor in 0.57 ms, found 0 plugins.
Preloading 0 native plugins for Editor in 0.00 ms.
Invoked RoslynAnalysisRunner static constructor.
RoslynAnalysisRunner will not be running.
RoslynAnalysisRunner has terminated.
Mono: successfully reloaded assembly
- Completed reload, in  1.814 seconds
Platform modules already initialized, skipping
Refreshing native plugins compatible for Editor in 0.36 ms, found 0 plugins.
Preloading 0 native plugins for Editor in 0.00 ms.
Unloading 1340 Unused Serialized files (Serialized files now loaded: 0)
System memory in use before: 82.0 MB.
System memory in use after: 82.1 MB.

Unloading 6 unused Assets to reduce memory usage. Loaded Objects now: 1871.
Total: 2.334900 ms (FindLiveObjects: 0.232100 ms CreateObjectMapping: 0.068000 ms MarkObjects: 1.948200 ms  DeleteObjects: 0.084600 ms)

========================================================================
Received Prepare
Registering precompiled user dll's ...
Registered in 0.001723 seconds.
Begin MonoManager ReloadAssembly
Native extension for WindowsStandalone target not found
Refreshing native plugins compatible for Editor in 0.32 ms, found 0 plugins.
Preloading 0 native plugins for Editor in 0.00 ms.
Invoked RoslynAnalysisRunner static constructor.
RoslynAnalysisRunner will not be running.
RoslynAnalysisRunner has terminated.
Mono: successfully reloaded assembly
- Completed reload, in  1.568 seconds
Platform modules already initialized, skipping
Refreshing native plugins compatible for Editor in 0.44 ms, found 0 plugins.
Preloading 0 native plugins for Editor in 0.00 ms.
Unloading 1340 Unused Serialized files (Serialized files now loaded: 0)
System memory in use before: 82.0 MB.
System memory in use after: 82.1 MB.

Unloading 6 unused Assets to reduce memory usage. Loaded Objects now: 1874.
Total: 2.404700 ms (FindLiveObjects: 0.199400 ms CreateObjectMapping: 0.067200 ms MarkObjects: 2.059400 ms  DeleteObjects: 0.077200 ms)

========================================================================
Received Prepare
Registering precompiled user dll's ...
Registered in 0.001770 seconds.
Begin MonoManager ReloadAssembly
Native extension for WindowsStandalone target not found
Refreshing native plugins compatible for Editor in 0.74 ms, found 0 plugins.
Preloading 0 native plugins for Editor in 0.00 ms.
Invoked RoslynAnalysisRunner static constructor.
RoslynAnalysisRunner will not be running.
RoslynAnalysisRunner has terminated.
Mono: successfully reloaded assembly
- Completed reload, in  1.608 seconds
Platform modules already initialized, skipping
Refreshing native plugins compatible for Editor in 0.41 ms, found 0 plugins.
Preloading 0 native plugins for Editor in 0.00 ms.
Unloading 1340 Unused Serialized files (Serialized files now loaded: 0)
System memory in use before: 82.0 MB.
System memory in use after: 82.1 MB.

Unloading 6 unused Assets to reduce memory usage. Loaded Objects now: 1877.
Total: 2.226800 ms (FindLiveObjects: 0.189600 ms CreateObjectMapping: 0.067400 ms MarkObjects: 1.899700 ms  DeleteObjects: 0.068600 ms)

========================================================================
Received Prepare
Registering precompiled user dll's ...
Registered in 0.001607 seconds.
Begin MonoManager ReloadAssembly
Native extension for WindowsStandalone target not found
Refreshing native plugins compatible for Editor in 0.33 ms, found 0 plugins.
Preloading 0 native plugins for Editor in 0.00 ms.
Invoked RoslynAnalysisRunner static constructor.
RoslynAnalysisRunner will not be running.
RoslynAnalysisRunner has terminated.
Mono: successfully reloaded assembly
- Completed reload, in  1.184 seconds
Platform modules already initialized, skipping
Refreshing native plugins compatible for Editor in 0.29 ms, found 0 plugins.
Preloading 0 native plugins for Editor in 0.00 ms.
Unloading 1340 Unused Serialized files (Serialized files now loaded: 0)
System memory in use before: 82.0 MB.
System memory in use after: 82.1 MB.

Unloading 6 unused Assets to reduce memory usage. Loaded Objects now: 1880.
Total: 1.988400 ms (FindLiveObjects: 0.172400 ms CreateObjectMapping: 0.055700 ms MarkObjects: 1.695600 ms  DeleteObjects: 0.063600 ms)

========================================================================
Received Prepare
Registering precompiled user dll's ...
Registered in 0.002296 seconds.
Begin MonoManager ReloadAssembly
Native extension for WindowsStandalone target not found
Refreshing native plugins compatible for Editor in 0.40 ms, found 0 plugins.
Preloading 0 native plugins for Editor in 0.00 ms.
Invoked RoslynAnalysisRunner static constructor.
RoslynAnalysisRunner will not be running.
RoslynAnalysisRunner has terminated.
Mono: successfully reloaded assembly
- Completed reload, in  1.608 seconds
Platform modules already initialized, skipping
Refreshing native plugins compatible for Editor in 0.32 ms, found 0 plugins.
Preloading 0 native plugins for Editor in 0.00 ms.
Unloading 1340 Unused Serialized files (Serialized files now loaded: 0)
System memory in use before: 82.0 MB.
System memory in use after: 82.1 MB.

Unloading 6 unused Assets to reduce memory usage. Loaded Objects now: 1883.
Total: 3.356200 ms (FindLiveObjects: 0.453700 ms CreateObjectMapping: 0.125400 ms MarkObjects: 2.687000 ms  DeleteObjects: 0.088400 ms)

========================================================================
Received Prepare
Registering precompiled user dll's ...
Registered in 0.001376 seconds.
Begin MonoManager ReloadAssembly
Native extension for WindowsStandalone target not found
Refreshing native plugins compatible for Editor in 0.29 ms, found 0 plugins.
Preloading 0 native plugins for Editor in 0.00 ms.
Invoked RoslynAnalysisRunner static constructor.
RoslynAnalysisRunner will not be running.
RoslynAnalysisRunner has terminated.
Mono: successfully reloaded assembly
- Completed reload, in  1.040 seconds
Platform modules already initialized, skipping
Refreshing native plugins compatible for Editor in 0.31 ms, found 0 plugins.
Preloading 0 native plugins for Editor in 0.00 ms.
Unloading 1340 Unused Serialized files (Serialized files now loaded: 0)
System memory in use before: 82.0 MB.
System memory in use after: 82.1 MB.

Unloading 6 unused Assets to reduce memory usage. Loaded Objects now: 1886.
Total: 1.816600 ms (FindLiveObjects: 0.165900 ms CreateObjectMapping: 0.049200 ms MarkObjects: 1.542200 ms  DeleteObjects: 0.057800 ms)

========================================================================
Received Prepare
Registering precompiled user dll's ...
Registered in 0.001398 seconds.
Begin MonoManager ReloadAssembly
Native extension for WindowsStandalone target not found
Refreshing native plugins compatible for Editor in 0.37 ms, found 0 plugins.
Preloading 0 native plugins for Editor in 0.00 ms.
Invoked RoslynAnalysisRunner static constructor.
RoslynAnalysisRunner will not be running.
RoslynAnalysisRunner has terminated.
Mono: successfully reloaded assembly
- Completed reload, in  1.861 seconds
Platform modules already initialized, skipping
Refreshing native plugins compatible for Editor in 0.44 ms, found 0 plugins.
Preloading 0 native plugins for Editor in 0.00 ms.
Unloading 1340 Unused Serialized files (Serialized files now loaded: 0)
System memory in use before: 82.0 MB.
System memory in use after: 82.1 MB.

Unloading 6 unused Assets to reduce memory usage. Loaded Objects now: 1889.
Total: 2.428900 ms (FindLiveObjects: 0.301700 ms CreateObjectMapping: 0.066100 ms MarkObjects: 1.980300 ms  DeleteObjects: 0.079100 ms)

========================================================================
Received Prepare
Registering precompiled user dll's ...
Registered in 0.001695 seconds.
Begin MonoManager ReloadAssembly
Native extension for WindowsStandalone target not found
Refreshing native plugins compatible for Editor in 0.53 ms, found 0 plugins.
Preloading 0 native plugins for Editor in 0.00 ms.
Invoked RoslynAnalysisRunner static constructor.
RoslynAnalysisRunner will not be running.
RoslynAnalysisRunner has terminated.
Mono: successfully reloaded assembly
- Completed reload, in  1.680 seconds
Platform modules already initialized, skipping
Refreshing native plugins compatible for Editor in 0.47 ms, found 0 plugins.
Preloading 0 native plugins for Editor in 0.00 ms.
Unloading 1340 Unused Serialized files (Serialized files now loaded: 0)
System memory in use before: 82.1 MB.
System memory in use after: 82.1 MB.

Unloading 6 unused Assets to reduce memory usage. Loaded Objects now: 1892.
Total: 2.778400 ms (FindLiveObjects: 0.207400 ms CreateObjectMapping: 0.078500 ms MarkObjects: 2.412100 ms  DeleteObjects: 0.078600 ms)

========================================================================
Received Prepare
Registering precompiled user dll's ...
Registered in 0.001608 seconds.
Begin MonoManager ReloadAssembly
Native extension for WindowsStandalone target not found
Refreshing native plugins compatible for Editor in 0.37 ms, found 0 plugins.
Preloading 0 native plugins for Editor in 0.00 ms.
Invoked RoslynAnalysisRunner static constructor.
RoslynAnalysisRunner will not be running.
RoslynAnalysisRunner has terminated.
Mono: successfully reloaded assembly
- Completed reload, in  1.532 seconds
Platform modules already initialized, skipping
Refreshing native plugins compatible for Editor in 0.32 ms, found 0 plugins.
Preloading 0 native plugins for Editor in 0.00 ms.
Unloading 1340 Unused Serialized files (Serialized files now loaded: 0)
System memory in use before: 82.1 MB.
System memory in use after: 82.1 MB.

Unloading 6 unused Assets to reduce memory usage. Loaded Objects now: 1895.
Total: 2.264200 ms (FindLiveObjects: 0.207400 ms CreateObjectMapping: 0.057900 ms MarkObjects: 1.933200 ms  DeleteObjects: 0.064400 ms)

========================================================================
Received Prepare
Registering precompiled user dll's ...
Registered in 0.002648 seconds.
Begin MonoManager ReloadAssembly
Native extension for WindowsStandalone target not found
Refreshing native plugins compatible for Editor in 0.34 ms, found 0 plugins.
Preloading 0 native plugins for Editor in 0.00 ms.
Invoked RoslynAnalysisRunner static constructor.
RoslynAnalysisRunner will not be running.
RoslynAnalysisRunner has terminated.
Mono: successfully reloaded assembly
- Completed reload, in  1.478 seconds
Platform modules already initialized, skipping
Refreshing native plugins compatible for Editor in 0.45 ms, found 0 plugins.
Preloading 0 native plugins for Editor in 0.00 ms.
Unloading 1340 Unused Serialized files (Serialized files now loaded: 0)
System memory in use before: 82.1 MB.
System memory in use after: 82.1 MB.

Unloading 6 unused Assets to reduce memory usage. Loaded Objects now: 1898.
Total: 5.105200 ms (FindLiveObjects: 0.425100 ms CreateObjectMapping: 0.151400 ms MarkObjects: 4.382100 ms  DeleteObjects: 0.143300 ms)

========================================================================
Received Prepare
Registering precompiled user dll's ...
Registered in 0.002143 seconds.
Begin MonoManager ReloadAssembly
Native extension for WindowsStandalone target not found
Refreshing native plugins compatible for Editor in 0.86 ms, found 0 plugins.
Preloading 0 native plugins for Editor in 0.00 ms.
Invoked RoslynAnalysisRunner static constructor.
RoslynAnalysisRunner will not be running.
RoslynAnalysisRunner has terminated.
Mono: successfully reloaded assembly
- Completed reload, in  2.495 seconds
Platform modules already initialized, skipping
Refreshing native plugins compatible for Editor in 0.49 ms, found 0 plugins.
Preloading 0 native plugins for Editor in 0.00 ms.
Unloading 1341 Unused Serialized files (Serialized files now loaded: 0)
System memory in use before: 82.1 MB.
System memory in use after: 82.2 MB.

Unloading 6 unused Assets to reduce memory usage. Loaded Objects now: 1902.
Total: 12.380000 ms (FindLiveObjects: 0.729800 ms CreateObjectMapping: 0.283000 ms MarkObjects: 11.100300 ms  DeleteObjects: 0.240000 ms)

========================================================================
Received Import Request.
  Time since last request: 1086.467421 seconds.
  path: Assets/AlejandroParís/Scripts/Shoot.cs
  artifactKey: Guid(6a27d32d0e90410459df2683521ca8d8) Importer(815301076,1909f56bfc062723c751e8b465ee728b)
Start importing Assets/AlejandroParís/Scripts/Shoot.cs using Guid(6a27d32d0e90410459df2683521ca8d8) Importer(815301076,1909f56bfc062723c751e8b465ee728b)  -> (artifact id: '7e28d8416aa7ba7ba81453485ba30859') in 0.019253 seconds
  Import took 0.045047 seconds .

========================================================================
Received Prepare
Registering precompiled user dll's ...
Registered in 0.001703 seconds.
Begin MonoManager ReloadAssembly
Native extension for WindowsStandalone target not found
Refreshing native plugins compatible for Editor in 0.40 ms, found 0 plugins.
Preloading 0 native plugins for Editor in 0.00 ms.
Invoked RoslynAnalysisRunner static constructor.
RoslynAnalysisRunner will not be running.
RoslynAnalysisRunner has terminated.
Mono: successfully reloaded assembly
- Completed reload, in  1.986 seconds
Platform modules already initialized, skipping
Refreshing native plugins compatible for Editor in 0.64 ms, found 0 plugins.
Preloading 0 native plugins for Editor in 0.00 ms.
Unloading 1341 Unused Serialized files (Serialized files now loaded: 0)
System memory in use before: 82.1 MB.
System memory in use after: 82.2 MB.

Unloading 6 unused Assets to reduce memory usage. Loaded Objects now: 1905.
Total: 4.979500 ms (FindLiveObjects: 0.474200 ms CreateObjectMapping: 0.139300 ms MarkObjects: 4.192200 ms  DeleteObjects: 0.170100 ms)

========================================================================
Received Prepare
Registering precompiled user dll's ...
Registered in 0.001563 seconds.
Begin MonoManager ReloadAssembly
Native extension for WindowsStandalone target not found
Refreshing native plugins compatible for Editor in 0.31 ms, found 0 plugins.
Preloading 0 native plugins for Editor in 0.00 ms.
Invoked RoslynAnalysisRunner static constructor.
RoslynAnalysisRunner will not be running.
RoslynAnalysisRunner has terminated.
Mono: successfully reloaded assembly
- Completed reload, in  1.735 seconds
Platform modules already initialized, skipping
Refreshing native plugins compatible for Editor in 0.42 ms, found 0 plugins.
Preloading 0 native plugins for Editor in 0.00 ms.
Unloading 1341 Unused Serialized files (Serialized files now loaded: 0)
System memory in use before: 82.1 MB.
System memory in use after: 82.2 MB.

Unloading 6 unused Assets to reduce memory usage. Loaded Objects now: 1908.
Total: 2.567900 ms (FindLiveObjects: 0.247300 ms CreateObjectMapping: 0.067800 ms MarkObjects: 2.174000 ms  DeleteObjects: 0.077300 ms)

========================================================================
Received Import Request.
  Time since last request: 499.356871 seconds.
  path: Assets/AlejandroParís/Scripts/Shoot.cs
  artifactKey: Guid(6a27d32d0e90410459df2683521ca8d8) Importer(815301076,1909f56bfc062723c751e8b465ee728b)
Start importing Assets/AlejandroParís/Scripts/Shoot.cs using Guid(6a27d32d0e90410459df2683521ca8d8) Importer(815301076,1909f56bfc062723c751e8b465ee728b)  -> (artifact id: 'be333723ff1298fe210b5684f6e82fd2') in 0.008544 seconds
  Import took 0.015445 seconds .

========================================================================
Received Prepare
Registering precompiled user dll's ...
Registered in 0.001930 seconds.
Begin MonoManager ReloadAssembly
Native extension for WindowsStandalone target not found
Refreshing native plugins compatible for Editor in 0.29 ms, found 0 plugins.
Preloading 0 native plugins for Editor in 0.00 ms.
Invoked RoslynAnalysisRunner static constructor.
RoslynAnalysisRunner will not be running.
RoslynAnalysisRunner has terminated.
Mono: successfully reloaded assembly
- Completed reload, in  1.146 seconds
Platform modules already initialized, skipping
Refreshing native plugins compatible for Editor in 0.32 ms, found 0 plugins.
Preloading 0 native plugins for Editor in 0.00 ms.
Unloading 1341 Unused Serialized files (Serialized files now loaded: 0)
System memory in use before: 82.1 MB.
System memory in use after: 82.2 MB.

Unloading 6 unused Assets to reduce memory usage. Loaded Objects now: 1911.
Total: 2.031300 ms (FindLiveObjects: 0.195200 ms CreateObjectMapping: 0.049400 ms MarkObjects: 1.730000 ms  DeleteObjects: 0.055900 ms)

========================================================================
Received Prepare
Registering precompiled user dll's ...
Registered in 0.002088 seconds.
Begin MonoManager ReloadAssembly
Native extension for WindowsStandalone target not found
Refreshing native plugins compatible for Editor in 0.37 ms, found 0 plugins.
Preloading 0 native plugins for Editor in 0.00 ms.
Invoked RoslynAnalysisRunner static constructor.
RoslynAnalysisRunner will not be running.
RoslynAnalysisRunner has terminated.
Mono: successfully reloaded assembly
- Completed reload, in  2.046 seconds
Platform modules already initialized, skipping
Refreshing native plugins compatible for Editor in 0.59 ms, found 0 plugins.
Preloading 0 native plugins for Editor in 0.00 ms.
Unloading 1341 Unused Serialized files (Serialized files now loaded: 0)
System memory in use before: 82.1 MB.
System memory in use after: 82.2 MB.

Unloading 6 unused Assets to reduce memory usage. Loaded Objects now: 1914.
Total: 2.972100 ms (FindLiveObjects: 0.222200 ms CreateObjectMapping: 0.078000 ms MarkObjects: 2.577000 ms  DeleteObjects: 0.093100 ms)

========================================================================
Received Prepare
Registering precompiled user dll's ...
Registered in 0.002640 seconds.
Begin MonoManager ReloadAssembly
Native extension for WindowsStandalone target not found
Refreshing native plugins compatible for Editor in 0.42 ms, found 0 plugins.
Preloading 0 native plugins for Editor in 0.00 ms.
Invoked RoslynAnalysisRunner static constructor.
RoslynAnalysisRunner will not be running.
RoslynAnalysisRunner has terminated.
Mono: successfully reloaded assembly
- Completed reload, in  1.745 seconds
Platform modules already initialized, skipping
Refreshing native plugins compatible for Editor in 0.36 ms, found 0 plugins.
Preloading 0 native plugins for Editor in 0.00 ms.
Unloading 1341 Unused Serialized files (Serialized files now loaded: 0)
System memory in use before: 82.1 MB.
System memory in use after: 82.2 MB.

Unloading 6 unused Assets to reduce memory usage. Loaded Objects now: 1917.
Total: 2.364500 ms (FindLiveObjects: 0.209400 ms CreateObjectMapping: 0.061200 ms MarkObjects: 2.027000 ms  DeleteObjects: 0.065600 ms)

========================================================================
Received Import Request.
  Time since last request: 216.959527 seconds.
  path: Assets/AlejandroParís/Scripts/Shoot.cs
  artifactKey: Guid(6a27d32d0e90410459df2683521ca8d8) Importer(815301076,1909f56bfc062723c751e8b465ee728b)
Start importing Assets/AlejandroParís/Scripts/Shoot.cs using Guid(6a27d32d0e90410459df2683521ca8d8) Importer(815301076,1909f56bfc062723c751e8b465ee728b)  -> (artifact id: 'ac711dd3c9fe489c34e5a591aeb7e3e9') in 0.006517 seconds
  Import took 0.012179 seconds .

========================================================================
Received Import Request.
  Time since last request: 0.072406 seconds.
  path: Assets/AlejandroParís/Scripts/Shoot.cs
  artifactKey: Guid(6a27d32d0e90410459df2683521ca8d8) Importer(815301076,1909f56bfc062723c751e8b465ee728b)
Start importing Assets/AlejandroParís/Scripts/Shoot.cs using Guid(6a27d32d0e90410459df2683521ca8d8) Importer(815301076,1909f56bfc062723c751e8b465ee728b)  -> (artifact id: 'ac711dd3c9fe489c34e5a591aeb7e3e9') in 0.004162 seconds
  Import took 0.009256 seconds .

========================================================================
Received Import Request.
  Time since last request: 20.276957 seconds.
  path: Assets/AlejandroParís/Prefabs/Bullet.prefab
  artifactKey: Guid(179cf317619d5424283d81afea7444fd) Importer(815301076,1909f56bfc062723c751e8b465ee728b)
Start importing Assets/AlejandroParís/Prefabs/Bullet.prefab using Guid(179cf317619d5424283d81afea7444fd) Importer(815301076,1909f56bfc062723c751e8b465ee728b)  -> (artifact id: '66d8e2ea432314b27906b91ebff9647a') in 0.081881 seconds
  Import took 0.086587 seconds .

========================================================================
Received Prepare
Registering precompiled user dll's ...
Registered in 0.001560 seconds.
Begin MonoManager ReloadAssembly
Native extension for WindowsStandalone target not found
Refreshing native plugins compatible for Editor in 0.46 ms, found 0 plugins.
Preloading 0 native plugins for Editor in 0.00 ms.
Invoked RoslynAnalysisRunner static constructor.
RoslynAnalysisRunner will not be running.
RoslynAnalysisRunner has terminated.
Mono: successfully reloaded assembly
- Completed reload, in  1.345 seconds
Platform modules already initialized, skipping
Refreshing native plugins compatible for Editor in 0.38 ms, found 0 plugins.
Preloading 0 native plugins for Editor in 0.00 ms.
Unloading 1341 Unused Serialized files (Serialized files now loaded: 0)
System memory in use before: 82.1 MB.
System memory in use after: 82.2 MB.

Unloading 6 unused Assets to reduce memory usage. Loaded Objects now: 1921.
Total: 2.310800 ms (FindLiveObjects: 0.203900 ms CreateObjectMapping: 0.064900 ms MarkObjects: 1.970700 ms  DeleteObjects: 0.069400 ms)

========================================================================
Received Prepare
Registering precompiled user dll's ...
Registered in 0.001466 seconds.
Begin MonoManager ReloadAssembly
Native extension for WindowsStandalone target not found
Refreshing native plugins compatible for Editor in 0.37 ms, found 0 plugins.
Preloading 0 native plugins for Editor in 0.00 ms.
Invoked RoslynAnalysisRunner static constructor.
RoslynAnalysisRunner will not be running.
RoslynAnalysisRunner has terminated.
Mono: successfully reloaded assembly
- Completed reload, in  1.261 seconds
Platform modules already initialized, skipping
Refreshing native plugins compatible for Editor in 0.34 ms, found 0 plugins.
Preloading 0 native plugins for Editor in 0.00 ms.
Unloading 1341 Unused Serialized files (Serialized files now loaded: 0)
System memory in use before: 82.1 MB.
System memory in use after: 82.2 MB.

Unloading 6 unused Assets to reduce memory usage. Loaded Objects now: 1924.
Total: 2.549900 ms (FindLiveObjects: 0.226200 ms CreateObjectMapping: 0.066000 ms MarkObjects: 2.186200 ms  DeleteObjects: 0.070200 ms)

========================================================================
Received Prepare
Registering precompiled user dll's ...
Registered in 0.001469 seconds.
Begin MonoManager ReloadAssembly
Native extension for WindowsStandalone target not found
Refreshing native plugins compatible for Editor in 0.30 ms, found 0 plugins.
Preloading 0 native plugins for Editor in 0.00 ms.
Invoked RoslynAnalysisRunner static constructor.
RoslynAnalysisRunner will not be running.
RoslynAnalysisRunner has terminated.
Mono: successfully reloaded assembly
- Completed reload, in  1.066 seconds
Platform modules already initialized, skipping
Refreshing native plugins compatible for Editor in 0.30 ms, found 0 plugins.
Preloading 0 native plugins for Editor in 0.00 ms.
Unloading 1341 Unused Serialized files (Serialized files now loaded: 0)
System memory in use before: 82.1 MB.
System memory in use after: 82.2 MB.

Unloading 6 unused Assets to reduce memory usage. Loaded Objects now: 1927.
Total: 2.884200 ms (FindLiveObjects: 0.314600 ms CreateObjectMapping: 0.077600 ms MarkObjects: 2.405400 ms  DeleteObjects: 0.084600 ms)

========================================================================
Received Prepare
Registering precompiled user dll's ...
Registered in 0.003604 seconds.
Begin MonoManager ReloadAssembly
Native extension for WindowsStandalone target not found
Refreshing native plugins compatible for Editor in 0.37 ms, found 0 plugins.
Preloading 0 native plugins for Editor in 0.00 ms.
Invoked RoslynAnalysisRunner static constructor.
RoslynAnalysisRunner will not be running.
RoslynAnalysisRunner has terminated.
Mono: successfully reloaded assembly
- Completed reload, in  2.049 seconds
Platform modules already initialized, skipping
Refreshing native plugins compatible for Editor in 0.77 ms, found 0 plugins.
Preloading 0 native plugins for Editor in 0.00 ms.
Unloading 1341 Unused Serialized files (Serialized files now loaded: 0)
System memory in use before: 82.1 MB.
System memory in use after: 82.2 MB.

Unloading 6 unused Assets to reduce memory usage. Loaded Objects now: 1930.
Total: 6.069800 ms (FindLiveObjects: 0.632800 ms CreateObjectMapping: 0.222800 ms MarkObjects: 5.023100 ms  DeleteObjects: 0.186300 ms)

========================================================================
Received Prepare
Registering precompiled user dll's ...
Registered in 0.001734 seconds.
Begin MonoManager ReloadAssembly
Native extension for WindowsStandalone target not found
Refreshing native plugins compatible for Editor in 0.51 ms, found 0 plugins.
Preloading 0 native plugins for Editor in 0.00 ms.
Invoked RoslynAnalysisRunner static constructor.
RoslynAnalysisRunner will not be running.
RoslynAnalysisRunner has terminated.
Mono: successfully reloaded assembly
- Completed reload, in  1.799 seconds
Platform modules already initialized, skipping
Refreshing native plugins compatible for Editor in 0.30 ms, found 0 plugins.
Preloading 0 native plugins for Editor in 0.00 ms.
Unloading 1341 Unused Serialized files (Serialized files now loaded: 0)
System memory in use before: 82.2 MB.
System memory in use after: 82.2 MB.

Unloading 6 unused Assets to reduce memory usage. Loaded Objects now: 1933.
Total: 2.192600 ms (FindLiveObjects: 0.412100 ms CreateObjectMapping: 0.057100 ms MarkObjects: 1.661200 ms  DeleteObjects: 0.060600 ms)

========================================================================
Received Prepare
Registering precompiled user dll's ...
Registered in 0.002662 seconds.
Begin MonoManager ReloadAssembly
Native extension for WindowsStandalone target not found
Refreshing native plugins compatible for Editor in 0.34 ms, found 0 plugins.
Preloading 0 native plugins for Editor in 0.00 ms.
Invoked RoslynAnalysisRunner static constructor.
RoslynAnalysisRunner will not be running.
RoslynAnalysisRunner has terminated.
Mono: successfully reloaded assembly
- Completed reload, in  1.513 seconds
Platform modules already initialized, skipping
Refreshing native plugins compatible for Editor in 0.50 ms, found 0 plugins.
Preloading 0 native plugins for Editor in 0.00 ms.
Unloading 1341 Unused Serialized files (Serialized files now loaded: 0)
System memory in use before: 82.2 MB.
System memory in use after: 82.2 MB.

Unloading 6 unused Assets to reduce memory usage. Loaded Objects now: 1936.
Total: 2.637900 ms (FindLiveObjects: 0.258100 ms CreateObjectMapping: 0.078400 ms MarkObjects: 2.222700 ms  DeleteObjects: 0.077000 ms)

========================================================================
Received Import Request.
  Time since last request: 753.535956 seconds.
  path: Assets/ExplosiveLLC/RPG Character Mecanim Animation Pack FREE/Animations
  artifactKey: Guid(333a26b651c0a304f8ec5288c2dc61b4) Importer(815301076,1909f56bfc062723c751e8b465ee728b)
Start importing Assets/ExplosiveLLC/RPG Character Mecanim Animation Pack FREE/Animations using Guid(333a26b651c0a304f8ec5288c2dc61b4) Importer(815301076,1909f56bfc062723c751e8b465ee728b)  -> (artifact id: '459f20ca4f1f4014b05bf17c540b57c2') in 0.006787 seconds
  Import took 0.011527 seconds .

========================================================================
Received Import Request.
  Time since last request: 2.365656 seconds.
  path: Assets/ExplosiveLLC/RPG Character Mecanim Animation Pack FREE/Animations/Unarmed
  artifactKey: Guid(6256d76e69665db49940c6a380a2a6bf) Importer(815301076,1909f56bfc062723c751e8b465ee728b)
Start importing Assets/ExplosiveLLC/RPG Character Mecanim Animation Pack FREE/Animations/Unarmed using Guid(6256d76e69665db49940c6a380a2a6bf) Importer(815301076,1909f56bfc062723c751e8b465ee728b)  -> (artifact id: '929bda192cc63ad6760f67a0e918590c') in 0.003415 seconds
  Import took 0.008732 seconds .

========================================================================
Received Import Request.
  Time since last request: 0.078626 seconds.
  path: Assets/ExplosiveLLC/RPG Character Mecanim Animation Pack FREE/Animations/Unarmed/RPG-Character@Unarmed-Attack-L1.FBX
  artifactKey: Guid(95dc4fbaa01379f4f908847fb44054d4) Importer(815301076,1909f56bfc062723c751e8b465ee728b)
Start importing Assets/ExplosiveLLC/RPG Character Mecanim Animation Pack FREE/Animations/Unarmed/RPG-Character@Unarmed-Attack-L1.FBX using Guid(95dc4fbaa01379f4f908847fb44054d4) Importer(815301076,1909f56bfc062723c751e8b465ee728b)  -> (artifact id: '1f91c1b30bb8b4276a9eda7e426401bd') in 0.102190 seconds
  Import took 0.107064 seconds .

========================================================================
Received Import Request.
  Time since last request: 0.000380 seconds.
  path: Assets/ExplosiveLLC/RPG Character Mecanim Animation Pack FREE/Animations/Unarmed/RPG-Character@Unarmed-Death1.FBX
  artifactKey: Guid(589a11892e95f834dbf23f9e1cc1f090) Importer(815301076,1909f56bfc062723c751e8b465ee728b)
Start importing Assets/ExplosiveLLC/RPG Character Mecanim Animation Pack FREE/Animations/Unarmed/RPG-Character@Unarmed-Death1.FBX using Guid(589a11892e95f834dbf23f9e1cc1f090) Importer(815301076,1909f56bfc062723c751e8b465ee728b)  -> (artifact id: 'c3ed454fbb1723780bee2432a7a9ef68') in 0.014924 seconds
  Import took 0.020005 seconds .

========================================================================
Received Import Request.
  Time since last request: 0.000452 seconds.
  path: Assets/ExplosiveLLC/RPG Character Mecanim Animation Pack FREE/Animations/Unarmed/RPG-Character@Unarmed-DiveRoll-Forward1.FBX
  artifactKey: Guid(d05e1e87bea596f49b01fedb8c7da04c) Importer(815301076,1909f56bfc062723c751e8b465ee728b)
Start importing Assets/ExplosiveLLC/RPG Character Mecanim Animation Pack FREE/Animations/Unarmed/RPG-Character@Unarmed-DiveRoll-Forward1.FBX using Guid(d05e1e87bea596f49b01fedb8c7da04c) Importer(815301076,1909f56bfc062723c751e8b465ee728b)  -> (artifact id: '7f1d80e1ca8cde7204f18cf56364d9d7') in 0.039701 seconds
  Import took 0.045381 seconds .

========================================================================
Received Import Request.
  Time since last request: 0.000498 seconds.
  path: Assets/ExplosiveLLC/RPG Character Mecanim Animation Pack FREE/Animations/Unarmed/RPG-Character@Unarmed-Attack-R3.FBX
  artifactKey: Guid(3414c515c6a2f334da03b4ab3d547691) Importer(815301076,1909f56bfc062723c751e8b465ee728b)
Start importing Assets/ExplosiveLLC/RPG Character Mecanim Animation Pack FREE/Animations/Unarmed/RPG-Character@Unarmed-Attack-R3.FBX using Guid(3414c515c6a2f334da03b4ab3d547691) Importer(815301076,1909f56bfc062723c751e8b465ee728b)  -> (artifact id: '538d66eb04d59e96bd8d89fc615cc34d') in 0.014857 seconds
  Import took 0.020801 seconds .

========================================================================
Received Import Request.
  Time since last request: 0.000410 seconds.
  path: Assets/ExplosiveLLC/RPG Character Mecanim Animation Pack FREE/Animations/Unarmed/RPG-Character@Unarmed-Idle.FBX
  artifactKey: Guid(94c75858633b4e04f9e28db3b52b2bba) Importer(815301076,1909f56bfc062723c751e8b465ee728b)
Start importing Assets/ExplosiveLLC/RPG Character Mecanim Animation Pack FREE/Animations/Unarmed/RPG-Character@Unarmed-Idle.FBX using Guid(94c75858633b4e04f9e28db3b52b2bba) Importer(815301076,1909f56bfc062723c751e8b465ee728b)  -> (artifact id: '51166503efc715376e5949cc8a0f7257') in 0.021314 seconds
  Import took 0.026702 seconds .

========================================================================
Received Import Request.
  Time since last request: 0.000487 seconds.
  path: Assets/ExplosiveLLC/RPG Character Mecanim Animation Pack FREE/Animations/Unarmed/RPG-Character@Unarmed-Strafe-Backward-Right.FBX
  artifactKey: Guid(7cb280337cb0fdd4399af55c6ab24dc7) Importer(815301076,1909f56bfc062723c751e8b465ee728b)
Start importing Assets/ExplosiveLLC/RPG Character Mecanim Animation Pack FREE/Animations/Unarmed/RPG-Character@Unarmed-Strafe-Backward-Right.FBX using Guid(7cb280337cb0fdd4399af55c6ab24dc7) Importer(815301076,1909f56bfc062723c751e8b465ee728b)  -> (artifact id: '753110ef103af753d5574a2682c1e1ce') in 0.015485 seconds
  Import took 0.021414 seconds .

========================================================================
Received Import Request.
  Time since last request: 0.000503 seconds.
  path: Assets/ExplosiveLLC/RPG Character Mecanim Animation Pack FREE/Animations/Unarmed/RPG-Character@Unarmed-Strafe-Right.FBX
  artifactKey: Guid(6cbfc0656c630a3449739ce9ddffed2f) Importer(815301076,1909f56bfc062723c751e8b465ee728b)
Start importing Assets/ExplosiveLLC/RPG Character Mecanim Animation Pack FREE/Animations/Unarmed/RPG-Character@Unarmed-Strafe-Right.FBX using Guid(6cbfc0656c630a3449739ce9ddffed2f) Importer(815301076,1909f56bfc062723c751e8b465ee728b)  -> (artifact id: '97c4355be1103c008f2cb489abd0ab2d') in 0.017220 seconds
  Import took 0.023510 seconds .

========================================================================
Received Import Request.
  Time since last request: 0.000647 seconds.
  path: Assets/ExplosiveLLC/RPG Character Mecanim Animation Pack FREE/Animations/Unarmed/RPG-Character@Unarmed-Strafe-Forward-Right.FBX
  artifactKey: Guid(35ea729f36e02794d8cf0b418642050a) Importer(815301076,1909f56bfc062723c751e8b465ee728b)
Start importing Assets/ExplosiveLLC/RPG Character Mecanim Animation Pack FREE/Animations/Unarmed/RPG-Character@Unarmed-Strafe-Forward-Right.FBX using Guid(35ea729f36e02794d8cf0b418642050a) Importer(815301076,1909f56bfc062723c751e8b465ee728b)  -> (artifact id: '928797a5a280fb015e3372532c0593a7') in 0.018048 seconds
  Import took 0.023823 seconds .

========================================================================
Received Import Request.
  Time since last request: 0.000492 seconds.
  path: Assets/ExplosiveLLC/RPG Character Mecanim Animation Pack FREE/Animations/Unarmed/RPG-Character@Unarmed-GetHit-B1.FBX
  artifactKey: Guid(f2283fcc1389144489d8a3ed7a005b1c) Importer(815301076,1909f56bfc062723c751e8b465ee728b)
Start importing Assets/ExplosiveLLC/RPG Character Mecanim Animation Pack FREE/Animations/Unarmed/RPG-Character@Unarmed-GetHit-B1.FBX using Guid(f2283fcc1389144489d8a3ed7a005b1c) Importer(815301076,1909f56bfc062723c751e8b465ee728b)  -> (artifact id: '94453f6ce4eceae8c12d16b36cc6a9d4') in 0.015549 seconds
  Import took 0.021479 seconds .

========================================================================
Received Import Request.
  Time since last request: 0.000552 seconds.
  path: Assets/ExplosiveLLC/RPG Character Mecanim Animation Pack FREE/Animations/Unarmed/RPG-Character@Unarmed-Strafe-Left.FBX
  artifactKey: Guid(af2453d50b96fc949891d7b278aaf733) Importer(815301076,1909f56bfc062723c751e8b465ee728b)
Start importing Assets/ExplosiveLLC/RPG Character Mecanim Animation Pack FREE/Animations/Unarmed/RPG-Character@Unarmed-Strafe-Left.FBX using Guid(af2453d50b96fc949891d7b278aaf733) Importer(815301076,1909f56bfc062723c751e8b465ee728b)  -> (artifact id: '4502446979f0886288c27b05f609f464') in 0.014883 seconds
  Import took 0.020583 seconds .

========================================================================
Received Import Request.
  Time since last request: 0.000585 seconds.
  path: Assets/ExplosiveLLC/RPG Character Mecanim Animation Pack FREE/Animations/Unarmed/RPG-Character@Unarmed-Revive1.FBX
  artifactKey: Guid(af86a4047db46444fa59cbc506cc4689) Importer(815301076,1909f56bfc062723c751e8b465ee728b)
Start importing Assets/ExplosiveLLC/RPG Character Mecanim Animation Pack FREE/Animations/Unarmed/RPG-Character@Unarmed-Revive1.FBX using Guid(af86a4047db46444fa59cbc506cc4689) Importer(815301076,1909f56bfc062723c751e8b465ee728b)  -> (artifact id: 'c33ff8e86eda873ff83c1488daf87da7') in 0.015321 seconds
  Import took 0.021416 seconds .

========================================================================
Received Import Request.
  Time since last request: 0.000558 seconds.
  path: Assets/ExplosiveLLC/RPG Character Mecanim Animation Pack FREE/Animations/Unarmed/RPG-Character@Unarmed-GetHit-R1.FBX
  artifactKey: Guid(4a8c4ee06f0c2c942b970ffc15726000) Importer(815301076,1909f56bfc062723c751e8b465ee728b)
Start importing Assets/ExplosiveLLC/RPG Character Mecanim Animation Pack FREE/Animations/Unarmed/RPG-Character@Unarmed-GetHit-R1.FBX using Guid(4a8c4ee06f0c2c942b970ffc15726000) Importer(815301076,1909f56bfc062723c751e8b465ee728b)  -> (artifact id: 'a37282b058216f5e00ee9339f7034544') in 0.017859 seconds
  Import took 0.024151 seconds .

========================================================================
Received Import Request.
  Time since last request: 0.000615 seconds.
  path: Assets/ExplosiveLLC/RPG Character Mecanim Animation Pack FREE/Animations/Unarmed/RPG-Character@Unarmed-Attack-L3.FBX
  artifactKey: Guid(1315bcd7509173f44bc6655b2673dd4d) Importer(815301076,1909f56bfc062723c751e8b465ee728b)
Start importing Assets/ExplosiveLLC/RPG Character Mecanim Animation Pack FREE/Animations/Unarmed/RPG-Character@Unarmed-Attack-L3.FBX using Guid(1315bcd7509173f44bc6655b2673dd4d) Importer(815301076,1909f56bfc062723c751e8b465ee728b)  -> (artifact id: '3e289f538fd02e62d59602d577c4755b') in 0.016267 seconds
  Import took 0.022340 seconds .

========================================================================
Received Import Request.
  Time since last request: 0.000542 seconds.
  path: Assets/ExplosiveLLC/RPG Character Mecanim Animation Pack FREE/Animations/Unarmed/RPG-Character@Unarmed-Idle-Injured1.FBX
  artifactKey: Guid(c6fcae89c2e3c8a48a1c5b8f55958abe) Importer(815301076,1909f56bfc062723c751e8b465ee728b)
Start importing Assets/ExplosiveLLC/RPG Character Mecanim Animation Pack FREE/Animations/Unarmed/RPG-Character@Unarmed-Idle-Injured1.FBX using Guid(c6fcae89c2e3c8a48a1c5b8f55958abe) Importer(815301076,1909f56bfc062723c751e8b465ee728b)  -> (artifact id: '6a4d0ee0e6191ff7734c4c8c7f2e7b81') in 0.020389 seconds
  Import took 0.027326 seconds .

========================================================================
Received Import Request.
  Time since last request: 0.000590 seconds.
  path: Assets/ExplosiveLLC/RPG Character Mecanim Animation Pack FREE/Animations/Unarmed/RPG-Character@Unarmed-Attack-L2.FBX
  artifactKey: Guid(69f3b1b43eb337548a8633b7b82d6fc6) Importer(815301076,1909f56bfc062723c751e8b465ee728b)
Start importing Assets/ExplosiveLLC/RPG Character Mecanim Animation Pack FREE/Animations/Unarmed/RPG-Character@Unarmed-Attack-L2.FBX using Guid(69f3b1b43eb337548a8633b7b82d6fc6) Importer(815301076,1909f56bfc062723c751e8b465ee728b)  -> (artifact id: 'ee9160b2962f738a22ce6f4c272f822e') in 0.016324 seconds
  Import took 0.021814 seconds .

========================================================================
Received Import Request.
  Time since last request: 0.000522 seconds.
  path: Assets/ExplosiveLLC/RPG Character Mecanim Animation Pack FREE/Animations/Unarmed/RPG-Character@Unarmed-GetHit-F2.FBX
  artifactKey: Guid(acbe57a104d8c114c8487055894b3188) Importer(815301076,1909f56bfc062723c751e8b465ee728b)
Start importing Assets/ExplosiveLLC/RPG Character Mecanim Animation Pack FREE/Animations/Unarmed/RPG-Character@Unarmed-GetHit-F2.FBX using Guid(acbe57a104d8c114c8487055894b3188) Importer(815301076,1909f56bfc062723c751e8b465ee728b)  -> (artifact id: 'b695d0b19f3db7570d26f6ba78d0a8e9') in 0.019641 seconds
  Import took 0.026438 seconds .

========================================================================
Received Import Request.
  Time since last request: 0.000593 seconds.
  path: Assets/ExplosiveLLC/RPG Character Mecanim Animation Pack FREE/Animations/Unarmed/RPG-Character@Unarmed-Fall.FBX
  artifactKey: Guid(8164d5f25ce079442917b5582dfdbf2b) Importer(815301076,1909f56bfc062723c751e8b465ee728b)
Start importing Assets/ExplosiveLLC/RPG Character Mecanim Animation Pack FREE/Animations/Unarmed/RPG-Character@Unarmed-Fall.FBX using Guid(8164d5f25ce079442917b5582dfdbf2b) Importer(815301076,1909f56bfc062723c751e8b465ee728b)  -> (artifact id: '16977415c9547c7e88b27b651ddadeba') in 0.015324 seconds
  Import took 0.022303 seconds .

========================================================================
Received Import Request.
  Time since last request: 0.000535 seconds.
  path: Assets/ExplosiveLLC/RPG Character Mecanim Animation Pack FREE/Animations/Unarmed/RPG-Character@Unarmed-GetHit-L1.FBX
  artifactKey: Guid(e6b48830c0e82694daca1c0281422e0e) Importer(815301076,1909f56bfc062723c751e8b465ee728b)
Start importing Assets/ExplosiveLLC/RPG Character Mecanim Animation Pack FREE/Animations/Unarmed/RPG-Character@Unarmed-GetHit-L1.FBX using Guid(e6b48830c0e82694daca1c0281422e0e) Importer(815301076,1909f56bfc062723c751e8b465ee728b)  -> (artifact id: '93a40de987f23774da49d52a96e8bd6b') in 0.016658 seconds
  Import took 0.022784 seconds .

========================================================================
Received Import Request.
  Time since last request: 0.000517 seconds.
  path: Assets/ExplosiveLLC/RPG Character Mecanim Animation Pack FREE/Animations/Unarmed/RPG-Character@Unarmed-Strafe-Forward-Left.FBX
  artifactKey: Guid(443693849a2f4e741afac059a470e10e) Importer(815301076,1909f56bfc062723c751e8b465ee728b)
Start importing Assets/ExplosiveLLC/RPG Character Mecanim Animation Pack FREE/Animations/Unarmed/RPG-Character@Unarmed-Strafe-Forward-Left.FBX using Guid(443693849a2f4e741afac059a470e10e) Importer(815301076,1909f56bfc062723c751e8b465ee728b)  -> (artifact id: '2293b0c13cbcfc531dfcc82ea4184af3') in 0.018589 seconds
  Import took 0.024906 seconds .

========================================================================
Received Import Request.
  Time since last request: 0.000649 seconds.
  path: Assets/ExplosiveLLC/RPG Character Mecanim Animation Pack FREE/Animations/Unarmed/RPG-Character@Unarmed-Strafe-Backward.FBX
  artifactKey: Guid(e3ce9218d72c10841bbd95cd901792d4) Importer(815301076,1909f56bfc062723c751e8b465ee728b)
Start importing Assets/ExplosiveLLC/RPG Character Mecanim Animation Pack FREE/Animations/Unarmed/RPG-Character@Unarmed-Strafe-Backward.FBX using Guid(e3ce9218d72c10841bbd95cd901792d4) Importer(815301076,1909f56bfc062723c751e8b465ee728b)  -> (artifact id: '593c15097b10f46c554f3920ea1b69cc') in 0.016542 seconds
  Import took 0.022795 seconds .

========================================================================
Received Import Request.
  Time since last request: 0.000508 seconds.
  path: Assets/ExplosiveLLC/RPG Character Mecanim Animation Pack FREE/Animations/Unarmed/RPG-Character@Unarmed-Attack-R1.FBX
  artifactKey: Guid(ce17781955d25c647922801319f24e9e) Importer(815301076,1909f56bfc062723c751e8b465ee728b)
Start importing Assets/ExplosiveLLC/RPG Character Mecanim Animation Pack FREE/Animations/Unarmed/RPG-Character@Unarmed-Attack-R1.FBX using Guid(ce17781955d25c647922801319f24e9e) Importer(815301076,1909f56bfc062723c751e8b465ee728b)  -> (artifact id: '0bf86f1b8b3a04b9bc3932f359645375') in 0.016245 seconds
  Import took 0.022364 seconds .

========================================================================
Received Import Request.
  Time since last request: 0.000532 seconds.
  path: Assets/ExplosiveLLC/RPG Character Mecanim Animation Pack FREE/Animations/Unarmed/RPG-Character@Unarmed-Run-Forward.FBX
  artifactKey: Guid(a7e98d51bd73b0348b47acf6a9f02766) Importer(815301076,1909f56bfc062723c751e8b465ee728b)
Start importing Assets/ExplosiveLLC/RPG Character Mecanim Animation Pack FREE/Animations/Unarmed/RPG-Character@Unarmed-Run-Forward.FBX using Guid(a7e98d51bd73b0348b47acf6a9f02766) Importer(815301076,1909f56bfc062723c751e8b465ee728b)  -> (artifact id: 'd014d81dd6a538e371c6d3945dd22f88') in 0.017396 seconds
  Import took 0.023129 seconds .

========================================================================
Received Import Request.
  Time since last request: 0.000510 seconds.
  path: Assets/ExplosiveLLC/RPG Character Mecanim Animation Pack FREE/Animations/Unarmed/RPG-Character@Unarmed-Strafe-Backward-Left.FBX
  artifactKey: Guid(38d950ecf8ee061498d6479837d21d77) Importer(815301076,1909f56bfc062723c751e8b465ee728b)
Start importing Assets/ExplosiveLLC/RPG Character Mecanim Animation Pack FREE/Animations/Unarmed/RPG-Character@Unarmed-Strafe-Backward-Left.FBX using Guid(38d950ecf8ee061498d6479837d21d77) Importer(815301076,1909f56bfc062723c751e8b465ee728b)  -> (artifact id: '9efa61723633311449b43d89e531c9f6') in 0.018224 seconds
  Import took 0.024588 seconds .

========================================================================
Received Import Request.
  Time since last request: 0.000575 seconds.
  path: Assets/ExplosiveLLC/RPG Character Mecanim Animation Pack FREE/Animations/Unarmed/RPG-Character@Unarmed-Walk-Injured.FBX
  artifactKey: Guid(62196ab8b670de146b6be9041f3bd30a) Importer(815301076,1909f56bfc062723c751e8b465ee728b)
Start importing Assets/ExplosiveLLC/RPG Character Mecanim Animation Pack FREE/Animations/Unarmed/RPG-Character@Unarmed-Walk-Injured.FBX using Guid(62196ab8b670de146b6be9041f3bd30a) Importer(815301076,1909f56bfc062723c751e8b465ee728b)  -> (artifact id: '3f7c989daf3cdf3bc2c56a5ffb301131') in 0.015039 seconds
  Import took 0.021370 seconds .

========================================================================
Received Import Request.
  Time since last request: 0.000548 seconds.
  path: Assets/ExplosiveLLC/RPG Character Mecanim Animation Pack FREE/Animations/Unarmed/RPG-Character@Unarmed-Attack-R2.FBX
  artifactKey: Guid(8b4aea68a09b24149ab89408f7199bb1) Importer(815301076,1909f56bfc062723c751e8b465ee728b)
Start importing Assets/ExplosiveLLC/RPG Character Mecanim Animation Pack FREE/Animations/Unarmed/RPG-Character@Unarmed-Attack-R2.FBX using Guid(8b4aea68a09b24149ab89408f7199bb1) Importer(815301076,1909f56bfc062723c751e8b465ee728b)  -> (artifact id: '87ddc97908d1cd93f41e72bb329a92bd') in 0.018250 seconds
  Import took 0.024497 seconds .

========================================================================
Received Import Request.
  Time since last request: 0.000653 seconds.
  path: Assets/ExplosiveLLC/RPG Character Mecanim Animation Pack FREE/Animations/Unarmed/RPG-Character@Unarmed-Jump.FBX
  artifactKey: Guid(39c1e8b66fab3ba418b191caaf714f42) Importer(815301076,1909f56bfc062723c751e8b465ee728b)
Start importing Assets/ExplosiveLLC/RPG Character Mecanim Animation Pack FREE/Animations/Unarmed/RPG-Character@Unarmed-Jump.FBX using Guid(39c1e8b66fab3ba418b191caaf714f42) Importer(815301076,1909f56bfc062723c751e8b465ee728b)  -> (artifact id: 'e4c62585c2270842a642e9a9ff92e330') in 0.019770 seconds
  Import took 0.027110 seconds .

========================================================================
Received Import Request.
  Time since last request: 0.000668 seconds.
  path: Assets/ExplosiveLLC/RPG Character Mecanim Animation Pack FREE/Animations/Unarmed/RPG-Character@Unarmed-Strafe-Forward.FBX
  artifactKey: Guid(a3c7daf5dbba19245938db35245052fa) Importer(815301076,1909f56bfc062723c751e8b465ee728b)
Start importing Assets/ExplosiveLLC/RPG Character Mecanim Animation Pack FREE/Animations/Unarmed/RPG-Character@Unarmed-Strafe-Forward.FBX using Guid(a3c7daf5dbba19245938db35245052fa) Importer(815301076,1909f56bfc062723c751e8b465ee728b)  -> (artifact id: 'b4239202bae5b825a79070f3eea51108') in 0.016185 seconds
  Import took 0.022283 seconds .

========================================================================
Received Import Request.
  Time since last request: 0.000602 seconds.
  path: Assets/ExplosiveLLC/RPG Character Mecanim Animation Pack FREE/Animations/Unarmed/RPG-Character@Unarmed-GetHit-F1.FBX
  artifactKey: Guid(77214854f62866c4db0d2b1999fcdf96) Importer(815301076,1909f56bfc062723c751e8b465ee728b)
Start importing Assets/ExplosiveLLC/RPG Character Mecanim Animation Pack FREE/Animations/Unarmed/RPG-Character@Unarmed-GetHit-F1.FBX using Guid(77214854f62866c4db0d2b1999fcdf96) Importer(815301076,1909f56bfc062723c751e8b465ee728b)  -> (artifact id: 'bd46e717bda631df70adc45e2f9f78fb') in 0.018756 seconds
  Import took 0.024620 seconds .

========================================================================
Received Import Request.
  Time since last request: 0.000558 seconds.
  path: Assets/ExplosiveLLC/RPG Character Mecanim Animation Pack FREE/Animations/Unarmed/RPG-Character@Unarmed-Knockback-Back1.FBX
  artifactKey: Guid(8a97945fe1c9ff84f9f9a4369d5c4a74) Importer(815301076,1909f56bfc062723c751e8b465ee728b)
Start importing Assets/ExplosiveLLC/RPG Character Mecanim Animation Pack FREE/Animations/Unarmed/RPG-Character@Unarmed-Knockback-Back1.FBX using Guid(8a97945fe1c9ff84f9f9a4369d5c4a74) Importer(815301076,1909f56bfc062723c751e8b465ee728b)  -> (artifact id: '048c4fbcbba8f1ff9e57808f153dd477') in 0.017072 seconds
  Import took 0.023111 seconds .

========================================================================
Received Prepare
Registering precompiled user dll's ...
Registered in 0.001256 seconds.
Begin MonoManager ReloadAssembly
Native extension for WindowsStandalone target not found
Refreshing native plugins compatible for Editor in 0.41 ms, found 0 plugins.
Preloading 0 native plugins for Editor in 0.00 ms.
Invoked RoslynAnalysisRunner static constructor.
RoslynAnalysisRunner will not be running.
RoslynAnalysisRunner has terminated.
Mono: successfully reloaded assembly
- Completed reload, in  1.933 seconds
Platform modules already initialized, skipping
Refreshing native plugins compatible for Editor in 0.37 ms, found 0 plugins.
Preloading 0 native plugins for Editor in 0.00 ms.
Unloading 1341 Unused Serialized files (Serialized files now loaded: 0)
System memory in use before: 82.9 MB.
System memory in use after: 83.0 MB.

Unloading 6 unused Assets to reduce memory usage. Loaded Objects now: 1939.
Total: 2.668000 ms (FindLiveObjects: 0.247900 ms CreateObjectMapping: 0.152200 ms MarkObjects: 2.191700 ms  DeleteObjects: 0.074400 ms)

========================================================================
Received Import Request.
  Time since last request: 61.545354 seconds.
  path: Assets/ExplosiveLLC/RPG Character Mecanim Animation Pack FREE/Animations/Unarmed/RPG-Character@Unarmed-Attack-L1.FBX
  artifactKey: Guid(95dc4fbaa01379f4f908847fb44054d4) Importer(815301076,1909f56bfc062723c751e8b465ee728b)
Start importing Assets/ExplosiveLLC/RPG Character Mecanim Animation Pack FREE/Animations/Unarmed/RPG-Character@Unarmed-Attack-L1.FBX using Guid(95dc4fbaa01379f4f908847fb44054d4) Importer(815301076,1909f56bfc062723c751e8b465ee728b)  -> (artifact id: '901d86bf9f909c57a9818de084ea7f27') in 0.059393 seconds
  Import took 0.067641 seconds .

========================================================================
Received Import Request.
  Time since last request: 24.651802 seconds.
  path: Assets/ExplosiveLLC/RPG Character Mecanim Animation Pack FREE/Animations/Unarmed/RPG-Character@Unarmed-Attack-L2.FBX
  artifactKey: Guid(69f3b1b43eb337548a8633b7b82d6fc6) Importer(815301076,1909f56bfc062723c751e8b465ee728b)
Start importing Assets/ExplosiveLLC/RPG Character Mecanim Animation Pack FREE/Animations/Unarmed/RPG-Character@Unarmed-Attack-L2.FBX using Guid(69f3b1b43eb337548a8633b7b82d6fc6) Importer(815301076,1909f56bfc062723c751e8b465ee728b)  -> (artifact id: '95ecbfd3ab4483439f41ab7672688e3d') in 0.007682 seconds
  Import took 0.013044 seconds .

========================================================================
Received Import Request.
  Time since last request: 13.551088 seconds.
  path: Assets/ExplosiveLLC/RPG Character Mecanim Animation Pack FREE/Animations/Unarmed/RPG-Character@Unarmed-Attack-L2.FBX
  artifactKey: Guid(69f3b1b43eb337548a8633b7b82d6fc6) Importer(815301076,1909f56bfc062723c751e8b465ee728b)
Start importing Assets/ExplosiveLLC/RPG Character Mecanim Animation Pack FREE/Animations/Unarmed/RPG-Character@Unarmed-Attack-L2.FBX using Guid(69f3b1b43eb337548a8633b7b82d6fc6) Importer(815301076,1909f56bfc062723c751e8b465ee728b)  -> (artifact id: '1575433729f8542190cd61baa2146114') in 0.008957 seconds
  Import took 0.014393 seconds .

========================================================================
Received Import Request.
  Time since last request: 7.619613 seconds.
  path: Assets/ExplosiveLLC/RPG Character Mecanim Animation Pack FREE/Animations/Unarmed/RPG-Character@Unarmed-Attack-L3.FBX
  artifactKey: Guid(1315bcd7509173f44bc6655b2673dd4d) Importer(815301076,1909f56bfc062723c751e8b465ee728b)
Start importing Assets/ExplosiveLLC/RPG Character Mecanim Animation Pack FREE/Animations/Unarmed/RPG-Character@Unarmed-Attack-L3.FBX using Guid(1315bcd7509173f44bc6655b2673dd4d) Importer(815301076,1909f56bfc062723c751e8b465ee728b)  -> (artifact id: '4f4a6b94f6b994893420ab7cae607781') in 0.014218 seconds
  Import took 0.021762 seconds .

========================================================================
Received Import Request.
  Time since last request: 7.779869 seconds.
  path: Assets/ExplosiveLLC/RPG Character Mecanim Animation Pack FREE/Animations/Unarmed/RPG-Character@Unarmed-Attack-R1.FBX
  artifactKey: Guid(ce17781955d25c647922801319f24e9e) Importer(815301076,1909f56bfc062723c751e8b465ee728b)
Start importing Assets/ExplosiveLLC/RPG Character Mecanim Animation Pack FREE/Animations/Unarmed/RPG-Character@Unarmed-Attack-R1.FBX using Guid(ce17781955d25c647922801319f24e9e) Importer(815301076,1909f56bfc062723c751e8b465ee728b)  -> (artifact id: '694ac878bc73fd91c3e7089f7e0432d3') in 0.007046 seconds
  Import took 0.011968 seconds .

========================================================================
Received Import Request.
  Time since last request: 9.682449 seconds.
  path: Assets/ExplosiveLLC/RPG Character Mecanim Animation Pack FREE/Animations/Unarmed/RPG-Character@Unarmed-Attack-R2.FBX
  artifactKey: Guid(8b4aea68a09b24149ab89408f7199bb1) Importer(815301076,1909f56bfc062723c751e8b465ee728b)
Start importing Assets/ExplosiveLLC/RPG Character Mecanim Animation Pack FREE/Animations/Unarmed/RPG-Character@Unarmed-Attack-R2.FBX using Guid(8b4aea68a09b24149ab89408f7199bb1) Importer(815301076,1909f56bfc062723c751e8b465ee728b)  -> (artifact id: '48b9339e55a1fbe2bb70544f92e655b8') in 0.008723 seconds
  Import took 0.014218 seconds .

========================================================================
Received Import Request.
  Time since last request: 6.946904 seconds.
  path: Assets/ExplosiveLLC/RPG Character Mecanim Animation Pack FREE/Animations/Unarmed/RPG-Character@Unarmed-Attack-R3.FBX
  artifactKey: Guid(3414c515c6a2f334da03b4ab3d547691) Importer(815301076,1909f56bfc062723c751e8b465ee728b)
Start importing Assets/ExplosiveLLC/RPG Character Mecanim Animation Pack FREE/Animations/Unarmed/RPG-Character@Unarmed-Attack-R3.FBX using Guid(3414c515c6a2f334da03b4ab3d547691) Importer(815301076,1909f56bfc062723c751e8b465ee728b)  -> (artifact id: 'ff874de585691bf00e69e716502954c6') in 0.007555 seconds
  Import took 0.012143 seconds .

========================================================================
Received Prepare
Registering precompiled user dll's ...
Registered in 0.001194 seconds.
Begin MonoManager ReloadAssembly
Native extension for WindowsStandalone target not found
Refreshing native plugins compatible for Editor in 0.30 ms, found 0 plugins.
Preloading 0 native plugins for Editor in 0.00 ms.
Invoked RoslynAnalysisRunner static constructor.
RoslynAnalysisRunner will not be running.
RoslynAnalysisRunner has terminated.
Mono: successfully reloaded assembly
- Completed reload, in  1.009 seconds
Platform modules already initialized, skipping
Refreshing native plugins compatible for Editor in 0.48 ms, found 0 plugins.
Preloading 0 native plugins for Editor in 0.00 ms.
Unloading 1341 Unused Serialized files (Serialized files now loaded: 0)
System memory in use before: 82.9 MB.
System memory in use after: 83.0 MB.

Unloading 6 unused Assets to reduce memory usage. Loaded Objects now: 1942.
Total: 2.751900 ms (FindLiveObjects: 0.464800 ms CreateObjectMapping: 0.145300 ms MarkObjects: 2.066400 ms  DeleteObjects: 0.073700 ms)

========================================================================
Received Prepare
Registering precompiled user dll's ...
Registered in 0.001266 seconds.
Begin MonoManager ReloadAssembly
Native extension for WindowsStandalone target not found
Refreshing native plugins compatible for Editor in 0.40 ms, found 0 plugins.
Preloading 0 native plugins for Editor in 0.00 ms.
Invoked RoslynAnalysisRunner static constructor.
RoslynAnalysisRunner will not be running.
RoslynAnalysisRunner has terminated.
Mono: successfully reloaded assembly
- Completed reload, in  1.114 seconds
Platform modules already initialized, skipping
Refreshing native plugins compatible for Editor in 0.33 ms, found 0 plugins.
Preloading 0 native plugins for Editor in 0.00 ms.
Unloading 1341 Unused Serialized files (Serialized files now loaded: 0)
System memory in use before: 82.9 MB.
System memory in use after: 83.0 MB.

Unloading 6 unused Assets to reduce memory usage. Loaded Objects now: 1945.
Total: 2.463300 ms (FindLiveObjects: 0.204200 ms CreateObjectMapping: 0.061000 ms MarkObjects: 2.121100 ms  DeleteObjects: 0.075400 ms)

========================================================================
Received Prepare
Registering precompiled user dll's ...
Registered in 0.001481 seconds.
Begin MonoManager ReloadAssembly
Native extension for WindowsStandalone target not found
Refreshing native plugins compatible for Editor in 0.38 ms, found 0 plugins.
Preloading 0 native plugins for Editor in 0.00 ms.
Invoked RoslynAnalysisRunner static constructor.
RoslynAnalysisRunner will not be running.
RoslynAnalysisRunner has terminated.
Mono: successfully reloaded assembly
- Completed reload, in  1.408 seconds
Platform modules already initialized, skipping
Refreshing native plugins compatible for Editor in 0.32 ms, found 0 plugins.
Preloading 0 native plugins for Editor in 0.00 ms.
Unloading 1341 Unused Serialized files (Serialized files now loaded: 0)
System memory in use before: 82.9 MB.
System memory in use after: 83.0 MB.

Unloading 6 unused Assets to reduce memory usage. Loaded Objects now: 1948.
Total: 3.354400 ms (FindLiveObjects: 0.345500 ms CreateObjectMapping: 0.088500 ms MarkObjects: 2.830800 ms  DeleteObjects: 0.087900 ms)

